Using pre-set license
Built from '2022.3/staging' branch; Version is '2022.3.46f1 (8e9b8558c41a) revision 9345925'; Using compiler version '192829333'; Build Type 'Release'
OS: 'Windows 10  (10.0.19045) 64bit Core' Language: 'es' Physical Memory: 16341 MB
BatchMode: 1, IsHumanControllingUs: 0, StartBugReporterOnCrash: 0, Is64bit: 1, IsPro: 1

COMMAND LINE ARGUMENTS:
C:\Program Files\Unity\Hub\Editor\2022.3.46f1\Editor\Unity.exe
-adb2
-batchMode
-noUpm
-name
AssetImportWorker1
-projectPath
C:/Users/nuevo/Documents/GitHub/OcuMasterss/OcuMasters
-logFile
Logs/AssetImportWorker1.log
-srvPort
58028
Successfully changed project path to: C:/Users/nuevo/Documents/GitHub/OcuMasterss/OcuMasters
C:/Users/nuevo/Documents/GitHub/OcuMasterss/OcuMasters
[UnityMemory] Configuration Parameters - Can be set up in boot.config
    "memorysetup-bucket-allocator-granularity=16"
    "memorysetup-bucket-allocator-bucket-count=8"
    "memorysetup-bucket-allocator-block-size=33554432"
    "memorysetup-bucket-allocator-block-count=8"
    "memorysetup-main-allocator-block-size=16777216"
    "memorysetup-thread-allocator-block-size=16777216"
    "memorysetup-gfx-main-allocator-block-size=16777216"
    "memorysetup-gfx-thread-allocator-block-size=16777216"
    "memorysetup-cache-allocator-block-size=4194304"
    "memorysetup-typetree-allocator-block-size=2097152"
    "memorysetup-profiler-bucket-allocator-granularity=16"
    "memorysetup-profiler-bucket-allocator-bucket-count=8"
    "memorysetup-profiler-bucket-allocator-block-size=33554432"
    "memorysetup-profiler-bucket-allocator-block-count=8"
    "memorysetup-profiler-allocator-block-size=16777216"
    "memorysetup-profiler-editor-allocator-block-size=1048576"
    "memorysetup-temp-allocator-size-main=16777216"
    "memorysetup-job-temp-allocator-block-size=2097152"
    "memorysetup-job-temp-allocator-block-size-background=1048576"
    "memorysetup-job-temp-allocator-reduction-small-platforms=262144"
    "memorysetup-allocator-temp-initial-block-size-main=262144"
    "memorysetup-allocator-temp-initial-block-size-worker=262144"
    "memorysetup-temp-allocator-size-background-worker=32768"
    "memorysetup-temp-allocator-size-job-worker=262144"
    "memorysetup-temp-allocator-size-preload-manager=33554432"
    "memorysetup-temp-allocator-size-nav-mesh-worker=65536"
    "memorysetup-temp-allocator-size-audio-worker=65536"
    "memorysetup-temp-allocator-size-cloud-worker=32768"
    "memorysetup-temp-allocator-size-gi-baking-worker=262144"
    "memorysetup-temp-allocator-size-gfx=262144"
Player connection [7512]  Target information:

Player connection [7512]  * "[IP] 192.168.0.48 [Port] 0 [Flags] 2 [Guid] 1445202994 [EditorId] 1445202994 [Version] 1048832 [Id] WindowsEditor(7,DESKTOP-LNP56LE) [Debug] 1 [PackageName] WindowsEditor [ProjectName] Editor" 

Player connection [7512] Host joined multi-casting on [225.0.0.222:54997]...
Player connection [7512] Host joined alternative multi-casting on [225.0.0.222:34997]...
[PhysX] Initialized MultithreadedTaskDispatcher with 8 workers.
Refreshing native plugins compatible for Editor in 49.55 ms, found 12 plugins.
Preloading 1 native plugins for Editor in 1.05 ms.
Initialize engine version: 2022.3.46f1 (8e9b8558c41a)
[Subsystems] Discovering subsystems at path C:/Program Files/Unity/Hub/Editor/2022.3.46f1/Editor/Data/Resources/UnitySubsystems
[Subsystems] Discovering subsystems at path C:/Users/nuevo/Documents/GitHub/OcuMasterss/OcuMasters/Assets
GfxDevice: creating device client; threaded=0; jobified=0
Direct3D:
    Version:  Direct3D 11.0 [level 11.1]
    Renderer: NVIDIA GeForce GTX 1070 (ID=0x1be1)
    Vendor:   NVIDIA
    VRAM:     8060 MB
    Driver:   32.0.15.5599
Initialize mono
Mono path[0] = 'C:/Program Files/Unity/Hub/Editor/2022.3.46f1/Editor/Data/Managed'
Mono path[1] = 'C:/Program Files/Unity/Hub/Editor/2022.3.46f1/Editor/Data/MonoBleedingEdge/lib/mono/unityjit-win32'
Mono config path = 'C:/Program Files/Unity/Hub/Editor/2022.3.46f1/Editor/Data/MonoBleedingEdge/etc'
Using monoOptions --debugger-agent=transport=dt_socket,embedding=1,server=y,suspend=n,address=127.0.0.1:56512
Begin MonoManager ReloadAssembly
Registering precompiled unity dll's ...
Register platform support module: C:/Program Files/Unity/Hub/Editor/2022.3.46f1/Editor/Data/PlaybackEngines/AndroidPlayer/UnityEditor.Android.Extensions.dll
Register platform support module: C:/Program Files/Unity/Hub/Editor/2022.3.46f1/Editor/Data/PlaybackEngines/WindowsStandaloneSupport/UnityEditor.WindowsStandalone.Extensions.dll
Registered in 0.021018 seconds.
- Loaded All Assemblies, in  0.532 seconds
Native extension for WindowsStandalone target not found
Native extension for Android target not found
Android Extension - Scanning For ADB Devices 434 ms
Mono: successfully reloaded assembly
- Finished resetting the current domain, in  0.863 seconds
Domain Reload Profiling: 1391ms
	BeginReloadAssembly (163ms)
		ExecutionOrderSort (0ms)
		DisableScriptedObjects (0ms)
		BackupInstance (0ms)
		ReleaseScriptingObjects (0ms)
		CreateAndSetChildDomain (1ms)
	RebuildCommonClasses (53ms)
	RebuildNativeTypeToScriptingClass (18ms)
	initialDomainReloadingComplete (99ms)
	LoadAllAssembliesAndSetupDomain (195ms)
		LoadAssemblies (159ms)
		RebuildTransferFunctionScriptingTraits (0ms)
		AnalyzeDomain (192ms)
			TypeCache.Refresh (190ms)
				TypeCache.ScanAssembly (171ms)
			ScanForSourceGeneratedMonoScriptInfo (0ms)
			ResolveRequiredComponents (1ms)
	FinalizeReload (863ms)
		ReleaseScriptCaches (0ms)
		RebuildScriptCaches (0ms)
		SetupLoadedEditorAssemblies (794ms)
			LogAssemblyErrors (0ms)
			InitializePlatformSupportModulesInManaged (572ms)
			SetLoadedEditorAssemblies (5ms)
			RefreshPlugins (0ms)
			BeforeProcessingInitializeOnLoad (2ms)
			ProcessInitializeOnLoadAttributes (155ms)
			ProcessInitializeOnLoadMethodAttributes (59ms)
			AfterProcessingInitializeOnLoad (0ms)
			EditorAssembliesLoaded (0ms)
		ExecutionOrderSort2 (0ms)
		AwakeInstancesAfterBackupRestoration (0ms)
========================================================================
Worker process is ready to serve import requests
Caller must complete domain reload
Begin MonoManager ReloadAssembly
- Loaded All Assemblies, in  1.248 seconds
Native extension for WindowsStandalone target not found
Native extension for Android target not found
Package Manager log level set to [2]
[Package Manager] Server::EnsureServerProcessIsRunning -- launch failed, reason: Unity was launched with the -noUpm command-line argument
[Package Manager] UpmClient::Send -- Unable to send message (not connected to UPM process).
[Package Manager] Cannot connect to Unity Package Manager local server
[Package Manager] Server::EnsureServerProcessIsRunning -- launch failed, reason: Unity was launched with the -noUpm command-line argument
[Package Manager] UpmClient::Send -- Unable to send message (not connected to UPM process).
[Package Manager] Cannot connect to Unity Package Manager local server
System.Reflection.TargetInvocationException: Exception has been thrown by the target of an invocation. ---> System.NullReferenceException: Object reference not set to an instance of an object
  at Unity.XR.Oculus.OculusLoader.AssetPathToAbsolutePath (System.String assetPath) [0x0003d] in .\Library\PackageCache\com.unity.xr.oculus@4.2.0\Runtime\OculusLoader.cs:298 
  at Unity.XR.Oculus.OculusLoader.EditorLoadOVRPlugin () [0x0008c] in .\Library\PackageCache\com.unity.xr.oculus@4.2.0\Runtime\OculusLoader.cs:283 
  at (wrapper managed-to-native) System.Reflection.RuntimeMethodInfo.InternalInvoke(System.Reflection.RuntimeMethodInfo,object,object[],System.Exception&)
  at System.Reflection.RuntimeMethodInfo.Invoke (System.Object obj, System.Reflection.BindingFlags invokeAttr, System.Reflection.Binder binder, System.Object[] parameters, System.Globalization.CultureInfo culture) [0x0006a] in <8ce0bd04a7a04b4b9395538239d3fdd8>:0 
   --- End of inner exception stack trace ---
  at System.Reflection.RuntimeMethodInfo.Invoke (System.Object obj, System.Reflection.BindingFlags invokeAttr, System.Reflection.Binder binder, System.Object[] parameters, System.Globalization.CultureInfo culture) [0x00083] in <8ce0bd04a7a04b4b9395538239d3fdd8>:0 
  at System.Reflection.MethodBase.Invoke (System.Object obj, System.Object[] parameters) [0x00000] in <8ce0bd04a7a04b4b9395538239d3fdd8>:0 
  at UnityEditor.EditorAssemblies.ProcessInitializeOnLoadMethodAttributes () [0x000a5] in <e0a2c8363ef54a6393fed120beebdb7a>:0 
UnityEngine.StackTraceUtility:ExtractStackTrace ()
UnityEngine.DebugLogHandler:LogFormat (UnityEngine.LogType,UnityEngine.Object,string,object[])
UnityEngine.Logger:Log (UnityEngine.LogType,object)
UnityEngine.Debug:LogError (object)
UnityEditor.EditorAssemblies:ProcessInitializeOnLoadMethodAttributes ()

Mono: successfully reloaded assembly
[Package Manager] Server::EnsureServerProcessIsRunning -- launch failed, reason: Unity was launched with the -noUpm command-line argument
[Package Manager] UpmClient::Send -- Unable to send message (not connected to UPM process).
[Package Manager] Cannot connect to Unity Package Manager local server
[Package Manager] Server::EnsureServerProcessIsRunning -- launch failed, reason: Unity was launched with the -noUpm command-line argument
[Package Manager] UpmClient::Send -- Unable to send message (not connected to UPM process).
[Package Manager] Cannot connect to Unity Package Manager local server
- Finished resetting the current domain, in  2.066 seconds
Domain Reload Profiling: 3303ms
	BeginReloadAssembly (270ms)
		ExecutionOrderSort (0ms)
		DisableScriptedObjects (7ms)
		BackupInstance (0ms)
		ReleaseScriptingObjects (0ms)
		CreateAndSetChildDomain (30ms)
	RebuildCommonClasses (59ms)
	RebuildNativeTypeToScriptingClass (15ms)
	initialDomainReloadingComplete (67ms)
	LoadAllAssembliesAndSetupDomain (825ms)
		LoadAssemblies (595ms)
		RebuildTransferFunctionScriptingTraits (0ms)
		AnalyzeDomain (391ms)
			TypeCache.Refresh (304ms)
				TypeCache.ScanAssembly (276ms)
			ScanForSourceGeneratedMonoScriptInfo (57ms)
			ResolveRequiredComponents (28ms)
	FinalizeReload (2067ms)
		ReleaseScriptCaches (0ms)
		RebuildScriptCaches (0ms)
		SetupLoadedEditorAssemblies (1584ms)
			LogAssemblyErrors (0ms)
			InitializePlatformSupportModulesInManaged (28ms)
			SetLoadedEditorAssemblies (7ms)
			RefreshPlugins (0ms)
			BeforeProcessingInitializeOnLoad (159ms)
			ProcessInitializeOnLoadAttributes (951ms)
			ProcessInitializeOnLoadMethodAttributes (415ms)
			AfterProcessingInitializeOnLoad (23ms)
			EditorAssembliesLoaded (1ms)
		ExecutionOrderSort2 (0ms)
		AwakeInstancesAfterBackupRestoration (14ms)
Launched and connected shader compiler UnityShaderCompiler.exe after 0.08 seconds
Refreshing native plugins compatible for Editor in 37.29 ms, found 12 plugins.
Preloading 1 native plugins for Editor in 0.14 ms.
Unloading 6604 Unused Serialized files (Serialized files now loaded: 0)
Unloading 120 unused Assets / (1.8 MB). Loaded Objects now: 7081.
Memory consumption went from 271.9 MB to 270.1 MB.
Total: 5.484300 ms (FindLiveObjects: 0.645500 ms CreateObjectMapping: 0.745800 ms MarkObjects: 3.556500 ms  DeleteObjects: 0.535400 ms)

AssetImportParameters requested are different than current active one (requested -> active):
  custom:container-demuxer-ogg: 62fdf1f143b41e24485cea50d1cbac27 -> 
  custom:framework-win-MediaFoundation: 216162199b28c13a410421893ffa2e32 -> 
  custom:container-muxer-webm: aa71ff27fc2769a1b78a27578f13a17b -> 
  custom:video-decoder-webm-vp8: 9c59270c3fd7afecdb556c50c9e8de78 -> 
  custom:SearchIndexIgnoredProperties: e643bd26f0fe6173181afceb89e7c659 -> 
  custom:AudioImporter_EditorPlatform: d09bf68614088b80899f8185d706f6e7 -> 
  custom:audio-decoder-ogg-vorbis: bf7c407c2cedff20999df2af8eb42d56 -> 
  custom:audio-encoder-webm-vorbis: bf7c407c2cedff20999df2af8eb42d56 -> 
  custom:video-decoder-ogg-theora: a1e56fd34408186e4bbccfd4996cb3dc -> 
  custom:CustomObjectIndexerAttribute: 72b91833f83ae208fae7752999fa3104 -> 
  custom:container-demuxer-webm: 4f35f7cbe854078d1ac9338744f61a02 -> 
  custom:video-encoder-webm-vp8: eb34c28f22e8b96e1ab97ce403110664 -> 
========================================================================
Received Prepare
Caller must complete domain reload
Begin MonoManager ReloadAssembly
- Loaded All Assemblies, in  0.888 seconds
Native extension for WindowsStandalone target not found
Native extension for Android target not found
[Package Manager] Server::EnsureServerProcessIsRunning -- launch failed, reason: Unity was launched with the -noUpm command-line argument
[Package Manager] UpmClient::Send -- Unable to send message (not connected to UPM process).
[Package Manager] Cannot connect to Unity Package Manager local server
[Package Manager] Server::EnsureServerProcessIsRunning -- launch failed, reason: Unity was launched with the -noUpm command-line argument
[Package Manager] UpmClient::Send -- Unable to send message (not connected to UPM process).
[Package Manager] Cannot connect to Unity Package Manager local server
System.Reflection.TargetInvocationException: Exception has been thrown by the target of an invocation. ---> System.NullReferenceException: Object reference not set to an instance of an object
  at Unity.XR.Oculus.OculusLoader.AssetPathToAbsolutePath (System.String assetPath) [0x0003d] in .\Library\PackageCache\com.unity.xr.oculus@4.2.0\Runtime\OculusLoader.cs:298 
  at Unity.XR.Oculus.OculusLoader.EditorLoadOVRPlugin () [0x0008c] in .\Library\PackageCache\com.unity.xr.oculus@4.2.0\Runtime\OculusLoader.cs:283 
  at (wrapper managed-to-native) System.Reflection.RuntimeMethodInfo.InternalInvoke(System.Reflection.RuntimeMethodInfo,object,object[],System.Exception&)
  at System.Reflection.RuntimeMethodInfo.Invoke (System.Object obj, System.Reflection.BindingFlags invokeAttr, System.Reflection.Binder binder, System.Object[] parameters, System.Globalization.CultureInfo culture) [0x0006a] in <8ce0bd04a7a04b4b9395538239d3fdd8>:0 
   --- End of inner exception stack trace ---
  at System.Reflection.RuntimeMethodInfo.Invoke (System.Object obj, System.Reflection.BindingFlags invokeAttr, System.Reflection.Binder binder, System.Object[] parameters, System.Globalization.CultureInfo culture) [0x00083] in <8ce0bd04a7a04b4b9395538239d3fdd8>:0 
  at System.Reflection.MethodBase.Invoke (System.Object obj, System.Object[] parameters) [0x00000] in <8ce0bd04a7a04b4b9395538239d3fdd8>:0 
  at UnityEditor.EditorAssemblies.ProcessInitializeOnLoadMethodAttributes () [0x000a5] in <e0a2c8363ef54a6393fed120beebdb7a>:0 
UnityEngine.StackTraceUtility:ExtractStackTrace ()
UnityEngine.DebugLogHandler:LogFormat (UnityEngine.LogType,UnityEngine.Object,string,object[])
UnityEngine.Logger:Log (UnityEngine.LogType,object)
UnityEngine.Debug:LogError (object)
UnityEditor.EditorAssemblies:ProcessInitializeOnLoadMethodAttributes ()

Mono: successfully reloaded assembly
[Package Manager] Server::EnsureServerProcessIsRunning -- launch failed, reason: Unity was launched with the -noUpm command-line argument
[Package Manager] UpmClient::Send -- Unable to send message (not connected to UPM process).
[Package Manager] Cannot connect to Unity Package Manager local server
- Finished resetting the current domain, in  2.426 seconds
Domain Reload Profiling: 3303ms
	BeginReloadAssembly (261ms)
		ExecutionOrderSort (0ms)
		DisableScriptedObjects (5ms)
		BackupInstance (0ms)
		ReleaseScriptingObjects (0ms)
		CreateAndSetChildDomain (57ms)
	RebuildCommonClasses (58ms)
	RebuildNativeTypeToScriptingClass (18ms)
	initialDomainReloadingComplete (43ms)
	LoadAllAssembliesAndSetupDomain (496ms)
		LoadAssemblies (559ms)
		RebuildTransferFunctionScriptingTraits (0ms)
		AnalyzeDomain (85ms)
			TypeCache.Refresh (13ms)
				TypeCache.ScanAssembly (1ms)
			ScanForSourceGeneratedMonoScriptInfo (50ms)
			ResolveRequiredComponents (21ms)
	FinalizeReload (2427ms)
		ReleaseScriptCaches (0ms)
		RebuildScriptCaches (0ms)
		SetupLoadedEditorAssemblies (1058ms)
			LogAssemblyErrors (0ms)
			InitializePlatformSupportModulesInManaged (33ms)
			SetLoadedEditorAssemblies (7ms)
			RefreshPlugins (0ms)
			BeforeProcessingInitializeOnLoad (140ms)
			ProcessInitializeOnLoadAttributes (698ms)
			ProcessInitializeOnLoadMethodAttributes (163ms)
			AfterProcessingInitializeOnLoad (16ms)
			EditorAssembliesLoaded (0ms)
		ExecutionOrderSort2 (0ms)
		AwakeInstancesAfterBackupRestoration (28ms)
Refreshing native plugins compatible for Editor in 31.16 ms, found 12 plugins.
Preloading 1 native plugins for Editor in 0.12 ms.
Unloading 6394 Unused Serialized files (Serialized files now loaded: 0)
Unloading 92 unused Assets / (1.8 MB). Loaded Objects now: 7097.
Memory consumption went from 233.9 MB to 232.1 MB.
Total: 5.897700 ms (FindLiveObjects: 0.701300 ms CreateObjectMapping: 0.766900 ms MarkObjects: 3.923600 ms  DeleteObjects: 0.505000 ms)

Prepare: number of updated asset objects reloaded= 0
AssetImportParameters requested are different than current active one (requested -> active):
  custom:scripting/monoscript/fileName/AdjustAlpacaPosition.cs: eb155e2073a20a584cabdc329c2a0830 -> 
  custom:container-demuxer-ogg: 62fdf1f143b41e24485cea50d1cbac27 -> 
  custom:scripting/monoscript/fileName/TimeTracker.cs: 0ba5a893dc6e77f168071e40066f4ccc -> 
  custom:scripting/monoscript/fileName/ocultar.cs: 9a4e96c81c4b95c414355adfaaa5f00e -> 
  custom:framework-win-MediaFoundation: 216162199b28c13a410421893ffa2e32 -> 
  custom:scripting/monoscript/fileName/aparecer.cs: a8c32f549f7795aaf5322c29f677646c -> 
  custom:scripting/monoscript/fileName/mejoraBucle.cs: b867a84cdf583ea3d82f55acd53a07c7 -> 
  custom:scripting/monoscript/fileName/Readme.cs: 5aedf578fb2663036982fb7b05aaf325 -> 
  custom:scripting/monoscript/fileName/Girar.cs: 14fa621a78468ab0cd672c3d7b1f0578 -> 
  custom:scripting/monoscript/fileName/iniciarCanvasTextHolder.cs: a81248317f2df51baad4455eec52f6ee -> 
  custom:container-muxer-webm: aa71ff27fc2769a1b78a27578f13a17b -> 
  custom:scripting/monoscript/fileName/MissionController.cs: 25e4ed25eb68defa296c7417cc118913 -> 
  custom:video-decoder-webm-vp8: 9c59270c3fd7afecdb556c50c9e8de78 -> 
  custom:scripting/monoscript/fileName/terminaVideo.cs: cf5fdf4708a0807ce4698ec6c3197c7a -> 
  custom:scripting/monoscript/fileName/reproducir.cs: 03618e9f5a4c114e7ae324a4b4785feb -> 
  custom:SearchIndexIgnoredProperties: e643bd26f0fe6173181afceb89e7c659 -> 
  custom:AudioImporter_EditorPlatform: d09bf68614088b80899f8185d706f6e7 -> 
  custom:scripting/monoscript/fileName/Teletransportacion.cs: d380aa53d1fc5b5c84235f84cfdda4eb -> 
  custom:scripting/monoscript/fileName/textovisibe.cs: 00a654b3fc8f83640057b9daa224c2b1 -> 
  custom:scripting/monoscript/fileName/accionIniciar.cs: f98156acb6c9b62b4aff1540a104a198 -> 
  custom:audio-decoder-ogg-vorbis: bf7c407c2cedff20999df2af8eb42d56 -> 
  custom:scripting/monoscript/fileName/FoxAI.cs: 7b9961595238f5d9a29eddec3ed5196d -> 
  custom:audio-encoder-webm-vorbis: bf7c407c2cedff20999df2af8eb42d56 -> 
  custom:scripting/precompiled-assembly-types:Assembly-CSharp-Editor: aca7125a3389c5f4127a11b74e5e93cb -> 
  custom:scripting/monoscript/fileName/ocultaDespuesCine.cs: b3c2672726559b1db95bc79468cf37f9 -> 
  custom:scripting/precompiled-assembly-types:Assembly-CSharp: 71487051e356b6509bc0bdf748c4ab7b -> 
  custom:scripting/monoscript/fileName/oculteSolo.cs: e0bbe33030b97968219bca3d3df2f7ad -> 
  custom:video-decoder-ogg-theora: a1e56fd34408186e4bbccfd4996cb3dc -> 
  custom:scripting/monoscript/fileName/skip2.cs: e068148e12a6c306c45fa096d9a1d6e5 -> 
  custom:scripting/monoscript/fileName/circulo.cs: 0ecb5e9c24fbeacfd61e0b6ce9e13251 -> 
  custom:CustomObjectIndexerAttribute: 72b91833f83ae208fae7752999fa3104 -> 
  custom:container-demuxer-webm: 4f35f7cbe854078d1ac9338744f61a02 -> 
  custom:scripting/monoscript/fileName/NotificationManagerS.cs: 9097995725d1689407f6ea544462d9f5 -> 
  custom:scripting/monoscript/fileName/RandomWalker.cs: 3798383b962b15f13d62bf91bcaeecf4 -> 
  custom:scripting/monoscript/fileName/distanciaManos.cs: abd788d646965204a94039d23cf1e6c2 -> 
  custom:scripting/monoscript/fileName/ReadmeEditor.cs: ff7ced1e41c1b99ddf5dfefc88f6bd50 -> 
  custom:scripting/monoscript/fileName/AnimateHandOninput.cs: dbbe7fbd4a0bad56d22f3257792a4f6a -> 
  custom:scripting/monoscript/fileName/FollowPlayer.cs: a11289592493b8b391718a1bede4c507 -> 
  custom:scripting/monoscript/fileName/dianoche.cs: 8ee8414e3940203e97f02e24d6d29a01 -> 
  custom:scripting/monoscript/fileName/agacharse.cs: 7cb9748d783f9f6a3813e7e4586d664e -> 
  custom:video-encoder-webm-vp8: eb34c28f22e8b96e1ab97ce403110664 -> 
  custom:scripting/monoscript/fileName/AlpacaSound.cs: 7fcbebc020a2dd100c5682639b10657c -> 
  custom:scripting/monoscript/fileName/PopUpManager.cs: 5b033561cee09c69ca88ecdffea365c0 -> 
  custom:scripting/monoscript/fileName/desaparecerObjeto.cs: 0a0eac0ab0d617e8002e78bcdfcd826e -> 
========================================================================
Received Prepare
Refreshing native plugins compatible for Editor in 30.87 ms, found 12 plugins.
Preloading 1 native plugins for Editor in 0.11 ms.
Unloading 15 Unused Serialized files (Serialized files now loaded: 0)
Unloading 15 unused Assets / (1.7 MB). Loaded Objects now: 7097.
Memory consumption went from 134.3 MB to 132.6 MB.
Total: 6.296300 ms (FindLiveObjects: 0.846800 ms CreateObjectMapping: 0.778800 ms MarkObjects: 4.198700 ms  DeleteObjects: 0.470400 ms)

Prepare: number of updated asset objects reloaded= 0
AssetImportParameters requested are different than current active one (requested -> active):
  custom:scripting/monoscript/fileName/AdjustAlpacaPosition.cs: eb155e2073a20a584cabdc329c2a0830 -> 
  custom:container-demuxer-ogg: 62fdf1f143b41e24485cea50d1cbac27 -> 
  custom:scripting/monoscript/fileName/TimeTracker.cs: 0ba5a893dc6e77f168071e40066f4ccc -> 
  custom:scripting/monoscript/fileName/ocultar.cs: 9a4e96c81c4b95c414355adfaaa5f00e -> 
  custom:framework-win-MediaFoundation: 216162199b28c13a410421893ffa2e32 -> 
  custom:scripting/monoscript/fileName/aparecer.cs: a8c32f549f7795aaf5322c29f677646c -> 
  custom:scripting/monoscript/fileName/mejoraBucle.cs: b867a84cdf583ea3d82f55acd53a07c7 -> 
  custom:scripting/monoscript/fileName/Readme.cs: 5aedf578fb2663036982fb7b05aaf325 -> 
  custom:scripting/monoscript/fileName/Girar.cs: 14fa621a78468ab0cd672c3d7b1f0578 -> 
  custom:scripting/monoscript/fileName/iniciarCanvasTextHolder.cs: a81248317f2df51baad4455eec52f6ee -> 
  custom:container-muxer-webm: aa71ff27fc2769a1b78a27578f13a17b -> 
  custom:scripting/monoscript/fileName/MissionController.cs: 25e4ed25eb68defa296c7417cc118913 -> 
  custom:video-decoder-webm-vp8: 9c59270c3fd7afecdb556c50c9e8de78 -> 
  custom:scripting/monoscript/fileName/terminaVideo.cs: cf5fdf4708a0807ce4698ec6c3197c7a -> 
  custom:scripting/monoscript/fileName/reproducir.cs: 03618e9f5a4c114e7ae324a4b4785feb -> 
  custom:SearchIndexIgnoredProperties: e643bd26f0fe6173181afceb89e7c659 -> 
  custom:AudioImporter_EditorPlatform: d09bf68614088b80899f8185d706f6e7 -> 
  custom:scripting/monoscript/fileName/Teletransportacion.cs: d380aa53d1fc5b5c84235f84cfdda4eb -> 
  custom:scripting/monoscript/fileName/textovisibe.cs: 00a654b3fc8f83640057b9daa224c2b1 -> 
  custom:scripting/monoscript/fileName/accionIniciar.cs: f98156acb6c9b62b4aff1540a104a198 -> 
  custom:audio-decoder-ogg-vorbis: bf7c407c2cedff20999df2af8eb42d56 -> 
  custom:scripting/monoscript/fileName/FoxAI.cs: 7b9961595238f5d9a29eddec3ed5196d -> 
  custom:audio-encoder-webm-vorbis: bf7c407c2cedff20999df2af8eb42d56 -> 
  custom:scripting/precompiled-assembly-types:Assembly-CSharp-Editor: aca7125a3389c5f4127a11b74e5e93cb -> 
  custom:scripting/monoscript/fileName/ocultaDespuesCine.cs: b3c2672726559b1db95bc79468cf37f9 -> 
  custom:scripting/precompiled-assembly-types:Assembly-CSharp: 71487051e356b6509bc0bdf748c4ab7b -> 
  custom:scripting/monoscript/fileName/oculteSolo.cs: e0bbe33030b97968219bca3d3df2f7ad -> 
  custom:video-decoder-ogg-theora: a1e56fd34408186e4bbccfd4996cb3dc -> 
  custom:scripting/monoscript/fileName/skip2.cs: e068148e12a6c306c45fa096d9a1d6e5 -> 
  custom:scripting/monoscript/fileName/circulo.cs: 0ecb5e9c24fbeacfd61e0b6ce9e13251 -> 
  custom:CustomObjectIndexerAttribute: 72b91833f83ae208fae7752999fa3104 -> 
  custom:container-demuxer-webm: 4f35f7cbe854078d1ac9338744f61a02 -> 
  custom:scripting/monoscript/fileName/NotificationManagerS.cs: 9097995725d1689407f6ea544462d9f5 -> 
  custom:scripting/monoscript/fileName/RandomWalker.cs: 3798383b962b15f13d62bf91bcaeecf4 -> 
  custom:scripting/monoscript/fileName/distanciaManos.cs: abd788d646965204a94039d23cf1e6c2 -> 
  custom:scripting/monoscript/fileName/ReadmeEditor.cs: ff7ced1e41c1b99ddf5dfefc88f6bd50 -> 
  custom:scripting/monoscript/fileName/AnimateHandOninput.cs: dbbe7fbd4a0bad56d22f3257792a4f6a -> 
  custom:scripting/monoscript/fileName/FollowPlayer.cs: a11289592493b8b391718a1bede4c507 -> 
  custom:scripting/monoscript/fileName/dianoche.cs: 8ee8414e3940203e97f02e24d6d29a01 -> 
  custom:scripting/monoscript/fileName/agacharse.cs: 7cb9748d783f9f6a3813e7e4586d664e -> 
  custom:video-encoder-webm-vp8: eb34c28f22e8b96e1ab97ce403110664 -> 
  custom:scripting/monoscript/fileName/AlpacaSound.cs: 7fcbebc020a2dd100c5682639b10657c -> 
  custom:scripting/monoscript/fileName/PopUpManager.cs: 5b033561cee09c69ca88ecdffea365c0 -> 
  custom:scripting/monoscript/fileName/desaparecerObjeto.cs: 0a0eac0ab0d617e8002e78bcdfcd826e -> 
========================================================================
Received Prepare
Refreshing native plugins compatible for Editor in 77.41 ms, found 12 plugins.
Preloading 1 native plugins for Editor in 0.19 ms.
Unloading 15 Unused Serialized files (Serialized files now loaded: 0)
Unloading 15 unused Assets / (1.7 MB). Loaded Objects now: 7097.
Memory consumption went from 133.6 MB to 131.9 MB.
Total: 21.279400 ms (FindLiveObjects: 1.235400 ms CreateObjectMapping: 1.260500 ms MarkObjects: 17.273600 ms  DeleteObjects: 1.508000 ms)

Prepare: number of updated asset objects reloaded= 0
AssetImportParameters requested are different than current active one (requested -> active):
  custom:scripting/monoscript/fileName/AdjustAlpacaPosition.cs: eb155e2073a20a584cabdc329c2a0830 -> 
  custom:container-demuxer-ogg: 62fdf1f143b41e24485cea50d1cbac27 -> 
  custom:scripting/monoscript/fileName/TimeTracker.cs: 0ba5a893dc6e77f168071e40066f4ccc -> 
  custom:scripting/monoscript/fileName/ocultar.cs: 9a4e96c81c4b95c414355adfaaa5f00e -> 
  custom:framework-win-MediaFoundation: 216162199b28c13a410421893ffa2e32 -> 
  custom:scripting/monoscript/fileName/aparecer.cs: a8c32f549f7795aaf5322c29f677646c -> 
  custom:scripting/monoscript/fileName/mejoraBucle.cs: b867a84cdf583ea3d82f55acd53a07c7 -> 
  custom:scripting/monoscript/fileName/Readme.cs: 5aedf578fb2663036982fb7b05aaf325 -> 
  custom:scripting/monoscript/fileName/Girar.cs: 14fa621a78468ab0cd672c3d7b1f0578 -> 
  custom:scripting/monoscript/fileName/iniciarCanvasTextHolder.cs: a81248317f2df51baad4455eec52f6ee -> 
  custom:container-muxer-webm: aa71ff27fc2769a1b78a27578f13a17b -> 
  custom:scripting/monoscript/fileName/MissionController.cs: 25e4ed25eb68defa296c7417cc118913 -> 
  custom:video-decoder-webm-vp8: 9c59270c3fd7afecdb556c50c9e8de78 -> 
  custom:scripting/monoscript/fileName/terminaVideo.cs: cf5fdf4708a0807ce4698ec6c3197c7a -> 
  custom:scripting/monoscript/fileName/reproducir.cs: 03618e9f5a4c114e7ae324a4b4785feb -> 
  custom:SearchIndexIgnoredProperties: e643bd26f0fe6173181afceb89e7c659 -> 
  custom:AudioImporter_EditorPlatform: d09bf68614088b80899f8185d706f6e7 -> 
  custom:scripting/monoscript/fileName/Teletransportacion.cs: d380aa53d1fc5b5c84235f84cfdda4eb -> 
  custom:scripting/monoscript/fileName/textovisibe.cs: 00a654b3fc8f83640057b9daa224c2b1 -> 
  custom:scripting/monoscript/fileName/accionIniciar.cs: f98156acb6c9b62b4aff1540a104a198 -> 
  custom:audio-decoder-ogg-vorbis: bf7c407c2cedff20999df2af8eb42d56 -> 
  custom:scripting/monoscript/fileName/FoxAI.cs: 7b9961595238f5d9a29eddec3ed5196d -> 
  custom:audio-encoder-webm-vorbis: bf7c407c2cedff20999df2af8eb42d56 -> 
  custom:scripting/precompiled-assembly-types:Assembly-CSharp-Editor: aca7125a3389c5f4127a11b74e5e93cb -> 
  custom:scripting/monoscript/fileName/ocultaDespuesCine.cs: b3c2672726559b1db95bc79468cf37f9 -> 
  custom:scripting/precompiled-assembly-types:Assembly-CSharp: 71487051e356b6509bc0bdf748c4ab7b -> 
  custom:scripting/monoscript/fileName/oculteSolo.cs: e0bbe33030b97968219bca3d3df2f7ad -> 
  custom:video-decoder-ogg-theora: a1e56fd34408186e4bbccfd4996cb3dc -> 
  custom:scripting/monoscript/fileName/skip2.cs: e068148e12a6c306c45fa096d9a1d6e5 -> 
  custom:scripting/monoscript/fileName/circulo.cs: 0ecb5e9c24fbeacfd61e0b6ce9e13251 -> 
  custom:CustomObjectIndexerAttribute: 72b91833f83ae208fae7752999fa3104 -> 
  custom:container-demuxer-webm: 4f35f7cbe854078d1ac9338744f61a02 -> 
  custom:scripting/monoscript/fileName/NotificationManagerS.cs: 9097995725d1689407f6ea544462d9f5 -> 
  custom:scripting/monoscript/fileName/RandomWalker.cs: 3798383b962b15f13d62bf91bcaeecf4 -> 
  custom:scripting/monoscript/fileName/distanciaManos.cs: abd788d646965204a94039d23cf1e6c2 -> 
  custom:scripting/monoscript/fileName/ReadmeEditor.cs: ff7ced1e41c1b99ddf5dfefc88f6bd50 -> 
  custom:scripting/monoscript/fileName/AnimateHandOninput.cs: dbbe7fbd4a0bad56d22f3257792a4f6a -> 
  custom:scripting/monoscript/fileName/FollowPlayer.cs: a11289592493b8b391718a1bede4c507 -> 
  custom:scripting/monoscript/fileName/dianoche.cs: 8ee8414e3940203e97f02e24d6d29a01 -> 
  custom:scripting/monoscript/fileName/agacharse.cs: 7cb9748d783f9f6a3813e7e4586d664e -> 
  custom:video-encoder-webm-vp8: eb34c28f22e8b96e1ab97ce403110664 -> 
  custom:scripting/monoscript/fileName/AlpacaSound.cs: 7fcbebc020a2dd100c5682639b10657c -> 
  custom:scripting/monoscript/fileName/PopUpManager.cs: 5b033561cee09c69ca88ecdffea365c0 -> 
  custom:scripting/monoscript/fileName/desaparecerObjeto.cs: 0a0eac0ab0d617e8002e78bcdfcd826e -> 
========================================================================
Received Prepare
Refreshing native plugins compatible for Editor in 30.45 ms, found 12 plugins.
Preloading 1 native plugins for Editor in 0.11 ms.
Unloading 15 Unused Serialized files (Serialized files now loaded: 0)
Unloading 15 unused Assets / (1.7 MB). Loaded Objects now: 7097.
Memory consumption went from 133.6 MB to 131.9 MB.
Total: 9.289500 ms (FindLiveObjects: 0.718100 ms CreateObjectMapping: 0.787900 ms MarkObjects: 7.301800 ms  DeleteObjects: 0.480600 ms)

Prepare: number of updated asset objects reloaded= 0
AssetImportParameters requested are different than current active one (requested -> active):
  custom:scripting/monoscript/fileName/AdjustAlpacaPosition.cs: eb155e2073a20a584cabdc329c2a0830 -> 
  custom:container-demuxer-ogg: 62fdf1f143b41e24485cea50d1cbac27 -> 
  custom:scripting/monoscript/fileName/TimeTracker.cs: 0ba5a893dc6e77f168071e40066f4ccc -> 
  custom:scripting/monoscript/fileName/ocultar.cs: 9a4e96c81c4b95c414355adfaaa5f00e -> 
  custom:framework-win-MediaFoundation: 216162199b28c13a410421893ffa2e32 -> 
  custom:scripting/monoscript/fileName/aparecer.cs: a8c32f549f7795aaf5322c29f677646c -> 
  custom:scripting/monoscript/fileName/mejoraBucle.cs: b867a84cdf583ea3d82f55acd53a07c7 -> 
  custom:scripting/monoscript/fileName/Readme.cs: 5aedf578fb2663036982fb7b05aaf325 -> 
  custom:scripting/monoscript/fileName/Girar.cs: 14fa621a78468ab0cd672c3d7b1f0578 -> 
  custom:scripting/monoscript/fileName/iniciarCanvasTextHolder.cs: a81248317f2df51baad4455eec52f6ee -> 
  custom:container-muxer-webm: aa71ff27fc2769a1b78a27578f13a17b -> 
  custom:scripting/monoscript/fileName/MissionController.cs: 25e4ed25eb68defa296c7417cc118913 -> 
  custom:video-decoder-webm-vp8: 9c59270c3fd7afecdb556c50c9e8de78 -> 
  custom:scripting/monoscript/fileName/terminaVideo.cs: cf5fdf4708a0807ce4698ec6c3197c7a -> 
  custom:scripting/monoscript/fileName/reproducir.cs: 03618e9f5a4c114e7ae324a4b4785feb -> 
  custom:SearchIndexIgnoredProperties: e643bd26f0fe6173181afceb89e7c659 -> 
  custom:AudioImporter_EditorPlatform: d09bf68614088b80899f8185d706f6e7 -> 
  custom:scripting/monoscript/fileName/Teletransportacion.cs: d380aa53d1fc5b5c84235f84cfdda4eb -> 
  custom:scripting/monoscript/fileName/textovisibe.cs: 00a654b3fc8f83640057b9daa224c2b1 -> 
  custom:scripting/monoscript/fileName/accionIniciar.cs: f98156acb6c9b62b4aff1540a104a198 -> 
  custom:audio-decoder-ogg-vorbis: bf7c407c2cedff20999df2af8eb42d56 -> 
  custom:scripting/monoscript/fileName/FoxAI.cs: 7b9961595238f5d9a29eddec3ed5196d -> 
  custom:audio-encoder-webm-vorbis: bf7c407c2cedff20999df2af8eb42d56 -> 
  custom:scripting/precompiled-assembly-types:Assembly-CSharp-Editor: aca7125a3389c5f4127a11b74e5e93cb -> 
  custom:scripting/monoscript/fileName/ocultaDespuesCine.cs: b3c2672726559b1db95bc79468cf37f9 -> 
  custom:scripting/precompiled-assembly-types:Assembly-CSharp: 71487051e356b6509bc0bdf748c4ab7b -> 
  custom:scripting/monoscript/fileName/oculteSolo.cs: e0bbe33030b97968219bca3d3df2f7ad -> 
  custom:video-decoder-ogg-theora: a1e56fd34408186e4bbccfd4996cb3dc -> 
  custom:scripting/monoscript/fileName/skip2.cs: e068148e12a6c306c45fa096d9a1d6e5 -> 
  custom:scripting/monoscript/fileName/circulo.cs: 0ecb5e9c24fbeacfd61e0b6ce9e13251 -> 
  custom:CustomObjectIndexerAttribute: 72b91833f83ae208fae7752999fa3104 -> 
  custom:container-demuxer-webm: 4f35f7cbe854078d1ac9338744f61a02 -> 
  custom:scripting/monoscript/fileName/NotificationManagerS.cs: 9097995725d1689407f6ea544462d9f5 -> 
  custom:scripting/monoscript/fileName/RandomWalker.cs: 3798383b962b15f13d62bf91bcaeecf4 -> 
  custom:scripting/monoscript/fileName/distanciaManos.cs: abd788d646965204a94039d23cf1e6c2 -> 
  custom:scripting/monoscript/fileName/ReadmeEditor.cs: ff7ced1e41c1b99ddf5dfefc88f6bd50 -> 
  custom:scripting/monoscript/fileName/AnimateHandOninput.cs: dbbe7fbd4a0bad56d22f3257792a4f6a -> 
  custom:scripting/monoscript/fileName/FollowPlayer.cs: a11289592493b8b391718a1bede4c507 -> 
  custom:scripting/monoscript/fileName/dianoche.cs: 8ee8414e3940203e97f02e24d6d29a01 -> 
  custom:scripting/monoscript/fileName/agacharse.cs: 7cb9748d783f9f6a3813e7e4586d664e -> 
  custom:video-encoder-webm-vp8: eb34c28f22e8b96e1ab97ce403110664 -> 
  custom:scripting/monoscript/fileName/AlpacaSound.cs: 7fcbebc020a2dd100c5682639b10657c -> 
  custom:scripting/monoscript/fileName/PopUpManager.cs: 5b033561cee09c69ca88ecdffea365c0 -> 
  custom:scripting/monoscript/fileName/desaparecerObjeto.cs: 0a0eac0ab0d617e8002e78bcdfcd826e -> 
========================================================================
Received Prepare
Refreshing native plugins compatible for Editor in 62.81 ms, found 12 plugins.
Preloading 1 native plugins for Editor in 0.21 ms.
Unloading 15 Unused Serialized files (Serialized files now loaded: 0)
Unloading 15 unused Assets / (1.7 MB). Loaded Objects now: 7097.
Memory consumption went from 133.6 MB to 131.9 MB.
Total: 21.356700 ms (FindLiveObjects: 7.307100 ms CreateObjectMapping: 1.437200 ms MarkObjects: 11.307800 ms  DeleteObjects: 1.302900 ms)

Prepare: number of updated asset objects reloaded= 0
AssetImportParameters requested are different than current active one (requested -> active):
  custom:scripting/monoscript/fileName/AdjustAlpacaPosition.cs: eb155e2073a20a584cabdc329c2a0830 -> 
  custom:container-demuxer-ogg: 62fdf1f143b41e24485cea50d1cbac27 -> 
  custom:scripting/monoscript/fileName/TimeTracker.cs: 0ba5a893dc6e77f168071e40066f4ccc -> 
  custom:scripting/monoscript/fileName/ocultar.cs: 9a4e96c81c4b95c414355adfaaa5f00e -> 
  custom:framework-win-MediaFoundation: 216162199b28c13a410421893ffa2e32 -> 
  custom:scripting/monoscript/fileName/aparecer.cs: a8c32f549f7795aaf5322c29f677646c -> 
  custom:scripting/monoscript/fileName/mejoraBucle.cs: b867a84cdf583ea3d82f55acd53a07c7 -> 
  custom:scripting/monoscript/fileName/Readme.cs: 5aedf578fb2663036982fb7b05aaf325 -> 
  custom:scripting/monoscript/fileName/Girar.cs: 14fa621a78468ab0cd672c3d7b1f0578 -> 
  custom:scripting/monoscript/fileName/iniciarCanvasTextHolder.cs: a81248317f2df51baad4455eec52f6ee -> 
  custom:container-muxer-webm: aa71ff27fc2769a1b78a27578f13a17b -> 
  custom:scripting/monoscript/fileName/MissionController.cs: 25e4ed25eb68defa296c7417cc118913 -> 
  custom:video-decoder-webm-vp8: 9c59270c3fd7afecdb556c50c9e8de78 -> 
  custom:scripting/monoscript/fileName/terminaVideo.cs: cf5fdf4708a0807ce4698ec6c3197c7a -> 
  custom:scripting/monoscript/fileName/reproducir.cs: 03618e9f5a4c114e7ae324a4b4785feb -> 
  custom:SearchIndexIgnoredProperties: e643bd26f0fe6173181afceb89e7c659 -> 
  custom:AudioImporter_EditorPlatform: d09bf68614088b80899f8185d706f6e7 -> 
  custom:scripting/monoscript/fileName/Teletransportacion.cs: d380aa53d1fc5b5c84235f84cfdda4eb -> 
  custom:scripting/monoscript/fileName/textovisibe.cs: 00a654b3fc8f83640057b9daa224c2b1 -> 
  custom:scripting/monoscript/fileName/accionIniciar.cs: f98156acb6c9b62b4aff1540a104a198 -> 
  custom:audio-decoder-ogg-vorbis: bf7c407c2cedff20999df2af8eb42d56 -> 
  custom:scripting/monoscript/fileName/FoxAI.cs: 7b9961595238f5d9a29eddec3ed5196d -> 
  custom:audio-encoder-webm-vorbis: bf7c407c2cedff20999df2af8eb42d56 -> 
  custom:scripting/precompiled-assembly-types:Assembly-CSharp-Editor: aca7125a3389c5f4127a11b74e5e93cb -> 
  custom:scripting/monoscript/fileName/ocultaDespuesCine.cs: b3c2672726559b1db95bc79468cf37f9 -> 
  custom:scripting/precompiled-assembly-types:Assembly-CSharp: 71487051e356b6509bc0bdf748c4ab7b -> 
  custom:scripting/monoscript/fileName/oculteSolo.cs: e0bbe33030b97968219bca3d3df2f7ad -> 
  custom:video-decoder-ogg-theora: a1e56fd34408186e4bbccfd4996cb3dc -> 
  custom:scripting/monoscript/fileName/skip2.cs: e068148e12a6c306c45fa096d9a1d6e5 -> 
  custom:scripting/monoscript/fileName/circulo.cs: 0ecb5e9c24fbeacfd61e0b6ce9e13251 -> 
  custom:CustomObjectIndexerAttribute: 72b91833f83ae208fae7752999fa3104 -> 
  custom:container-demuxer-webm: 4f35f7cbe854078d1ac9338744f61a02 -> 
  custom:scripting/monoscript/fileName/NotificationManagerS.cs: 9097995725d1689407f6ea544462d9f5 -> 
  custom:scripting/monoscript/fileName/RandomWalker.cs: 3798383b962b15f13d62bf91bcaeecf4 -> 
  custom:scripting/monoscript/fileName/distanciaManos.cs: abd788d646965204a94039d23cf1e6c2 -> 
  custom:scripting/monoscript/fileName/ReadmeEditor.cs: ff7ced1e41c1b99ddf5dfefc88f6bd50 -> 
  custom:scripting/monoscript/fileName/AnimateHandOninput.cs: dbbe7fbd4a0bad56d22f3257792a4f6a -> 
  custom:scripting/monoscript/fileName/FollowPlayer.cs: a11289592493b8b391718a1bede4c507 -> 
  custom:scripting/monoscript/fileName/dianoche.cs: 8ee8414e3940203e97f02e24d6d29a01 -> 
  custom:scripting/monoscript/fileName/agacharse.cs: 7cb9748d783f9f6a3813e7e4586d664e -> 
  custom:video-encoder-webm-vp8: eb34c28f22e8b96e1ab97ce403110664 -> 
  custom:scripting/monoscript/fileName/AlpacaSound.cs: 7fcbebc020a2dd100c5682639b10657c -> 
  custom:scripting/monoscript/fileName/PopUpManager.cs: 5b033561cee09c69ca88ecdffea365c0 -> 
  custom:scripting/monoscript/fileName/desaparecerObjeto.cs: 0a0eac0ab0d617e8002e78bcdfcd826e -> 
========================================================================
Received Prepare
Refreshing native plugins compatible for Editor in 92.31 ms, found 12 plugins.
Preloading 1 native plugins for Editor in 0.21 ms.
Unloading 15 Unused Serialized files (Serialized files now loaded: 0)
Unloading 15 unused Assets / (1.7 MB). Loaded Objects now: 7097.
Memory consumption went from 133.6 MB to 131.9 MB.
Total: 18.525300 ms (FindLiveObjects: 1.132400 ms CreateObjectMapping: 2.759100 ms MarkObjects: 13.330200 ms  DeleteObjects: 1.300800 ms)

Prepare: number of updated asset objects reloaded= 0
AssetImportParameters requested are different than current active one (requested -> active):
  custom:scripting/monoscript/fileName/AdjustAlpacaPosition.cs: eb155e2073a20a584cabdc329c2a0830 -> 
  custom:container-demuxer-ogg: 62fdf1f143b41e24485cea50d1cbac27 -> 
  custom:scripting/monoscript/fileName/TimeTracker.cs: 0ba5a893dc6e77f168071e40066f4ccc -> 
  custom:scripting/monoscript/fileName/ocultar.cs: 9a4e96c81c4b95c414355adfaaa5f00e -> 
  custom:framework-win-MediaFoundation: 216162199b28c13a410421893ffa2e32 -> 
  custom:scripting/monoscript/fileName/aparecer.cs: a8c32f549f7795aaf5322c29f677646c -> 
  custom:scripting/monoscript/fileName/mejoraBucle.cs: b867a84cdf583ea3d82f55acd53a07c7 -> 
  custom:scripting/monoscript/fileName/Readme.cs: 5aedf578fb2663036982fb7b05aaf325 -> 
  custom:scripting/monoscript/fileName/Girar.cs: 14fa621a78468ab0cd672c3d7b1f0578 -> 
  custom:scripting/monoscript/fileName/iniciarCanvasTextHolder.cs: a81248317f2df51baad4455eec52f6ee -> 
  custom:container-muxer-webm: aa71ff27fc2769a1b78a27578f13a17b -> 
  custom:scripting/monoscript/fileName/MissionController.cs: 25e4ed25eb68defa296c7417cc118913 -> 
  custom:video-decoder-webm-vp8: 9c59270c3fd7afecdb556c50c9e8de78 -> 
  custom:scripting/monoscript/fileName/terminaVideo.cs: cf5fdf4708a0807ce4698ec6c3197c7a -> 
  custom:scripting/monoscript/fileName/reproducir.cs: 03618e9f5a4c114e7ae324a4b4785feb -> 
  custom:SearchIndexIgnoredProperties: e643bd26f0fe6173181afceb89e7c659 -> 
  custom:AudioImporter_EditorPlatform: d09bf68614088b80899f8185d706f6e7 -> 
  custom:scripting/monoscript/fileName/Teletransportacion.cs: d380aa53d1fc5b5c84235f84cfdda4eb -> 
  custom:scripting/monoscript/fileName/textovisibe.cs: 00a654b3fc8f83640057b9daa224c2b1 -> 
  custom:scripting/monoscript/fileName/accionIniciar.cs: f98156acb6c9b62b4aff1540a104a198 -> 
  custom:audio-decoder-ogg-vorbis: bf7c407c2cedff20999df2af8eb42d56 -> 
  custom:scripting/monoscript/fileName/FoxAI.cs: 7b9961595238f5d9a29eddec3ed5196d -> 
  custom:audio-encoder-webm-vorbis: bf7c407c2cedff20999df2af8eb42d56 -> 
  custom:scripting/precompiled-assembly-types:Assembly-CSharp-Editor: aca7125a3389c5f4127a11b74e5e93cb -> 
  custom:scripting/monoscript/fileName/ocultaDespuesCine.cs: b3c2672726559b1db95bc79468cf37f9 -> 
  custom:scripting/precompiled-assembly-types:Assembly-CSharp: 71487051e356b6509bc0bdf748c4ab7b -> 
  custom:scripting/monoscript/fileName/oculteSolo.cs: e0bbe33030b97968219bca3d3df2f7ad -> 
  custom:video-decoder-ogg-theora: a1e56fd34408186e4bbccfd4996cb3dc -> 
  custom:scripting/monoscript/fileName/skip2.cs: e068148e12a6c306c45fa096d9a1d6e5 -> 
  custom:scripting/monoscript/fileName/circulo.cs: 0ecb5e9c24fbeacfd61e0b6ce9e13251 -> 
  custom:CustomObjectIndexerAttribute: 72b91833f83ae208fae7752999fa3104 -> 
  custom:container-demuxer-webm: 4f35f7cbe854078d1ac9338744f61a02 -> 
  custom:scripting/monoscript/fileName/NotificationManagerS.cs: 9097995725d1689407f6ea544462d9f5 -> 
  custom:scripting/monoscript/fileName/RandomWalker.cs: 3798383b962b15f13d62bf91bcaeecf4 -> 
  custom:scripting/monoscript/fileName/distanciaManos.cs: abd788d646965204a94039d23cf1e6c2 -> 
  custom:scripting/monoscript/fileName/ReadmeEditor.cs: ff7ced1e41c1b99ddf5dfefc88f6bd50 -> 
  custom:scripting/monoscript/fileName/AnimateHandOninput.cs: dbbe7fbd4a0bad56d22f3257792a4f6a -> 
  custom:scripting/monoscript/fileName/FollowPlayer.cs: a11289592493b8b391718a1bede4c507 -> 
  custom:scripting/monoscript/fileName/dianoche.cs: 8ee8414e3940203e97f02e24d6d29a01 -> 
  custom:scripting/monoscript/fileName/agacharse.cs: 7cb9748d783f9f6a3813e7e4586d664e -> 
  custom:video-encoder-webm-vp8: eb34c28f22e8b96e1ab97ce403110664 -> 
  custom:scripting/monoscript/fileName/AlpacaSound.cs: 7fcbebc020a2dd100c5682639b10657c -> 
  custom:scripting/monoscript/fileName/PopUpManager.cs: 5b033561cee09c69ca88ecdffea365c0 -> 
  custom:scripting/monoscript/fileName/desaparecerObjeto.cs: 0a0eac0ab0d617e8002e78bcdfcd826e -> 
========================================================================
Received Prepare
Caller must complete domain reload
Begin MonoManager ReloadAssembly
- Loaded All Assemblies, in  3.453 seconds
Native extension for WindowsStandalone target not found
Native extension for Android target not found
[Package Manager] Server::EnsureServerProcessIsRunning -- launch failed, reason: Unity was launched with the -noUpm command-line argument
[Package Manager] UpmClient::Send -- Unable to send message (not connected to UPM process).
[Package Manager] Cannot connect to Unity Package Manager local server
[Package Manager] Server::EnsureServerProcessIsRunning -- launch failed, reason: Unity was launched with the -noUpm command-line argument
[Package Manager] UpmClient::Send -- Unable to send message (not connected to UPM process).
[Package Manager] Cannot connect to Unity Package Manager local server
System.Reflection.TargetInvocationException: Exception has been thrown by the target of an invocation. ---> System.NullReferenceException: Object reference not set to an instance of an object
  at Unity.XR.Oculus.OculusLoader.AssetPathToAbsolutePath (System.String assetPath) [0x0003d] in .\Library\PackageCache\com.unity.xr.oculus@4.2.0\Runtime\OculusLoader.cs:298 
  at Unity.XR.Oculus.OculusLoader.EditorLoadOVRPlugin () [0x0008c] in .\Library\PackageCache\com.unity.xr.oculus@4.2.0\Runtime\OculusLoader.cs:283 
  at (wrapper managed-to-native) System.Reflection.RuntimeMethodInfo.InternalInvoke(System.Reflection.RuntimeMethodInfo,object,object[],System.Exception&)
  at System.Reflection.RuntimeMethodInfo.Invoke (System.Object obj, System.Reflection.BindingFlags invokeAttr, System.Reflection.Binder binder, System.Object[] parameters, System.Globalization.CultureInfo culture) [0x0006a] in <8ce0bd04a7a04b4b9395538239d3fdd8>:0 
   --- End of inner exception stack trace ---
  at System.Reflection.RuntimeMethodInfo.Invoke (System.Object obj, System.Reflection.BindingFlags invokeAttr, System.Reflection.Binder binder, System.Object[] parameters, System.Globalization.CultureInfo culture) [0x00083] in <8ce0bd04a7a04b4b9395538239d3fdd8>:0 
  at System.Reflection.MethodBase.Invoke (System.Object obj, System.Object[] parameters) [0x00000] in <8ce0bd04a7a04b4b9395538239d3fdd8>:0 
  at UnityEditor.EditorAssemblies.ProcessInitializeOnLoadMethodAttributes () [0x000a5] in <e0a2c8363ef54a6393fed120beebdb7a>:0 
UnityEngine.StackTraceUtility:ExtractStackTrace ()
UnityEngine.DebugLogHandler:LogFormat (UnityEngine.LogType,UnityEngine.Object,string,object[])
UnityEngine.Logger:Log (UnityEngine.LogType,object)
UnityEngine.Debug:LogError (object)
UnityEditor.EditorAssemblies:ProcessInitializeOnLoadMethodAttributes ()

Mono: successfully reloaded assembly
[Package Manager] Server::EnsureServerProcessIsRunning -- launch failed, reason: Unity was launched with the -noUpm command-line argument
[Package Manager] UpmClient::Send -- Unable to send message (not connected to UPM process).
[Package Manager] Cannot connect to Unity Package Manager local server
- Finished resetting the current domain, in 29.219 seconds
Domain Reload Profiling: 32656ms
	BeginReloadAssembly (299ms)
		ExecutionOrderSort (0ms)
		DisableScriptedObjects (6ms)
		BackupInstance (0ms)
		ReleaseScriptingObjects (0ms)
		CreateAndSetChildDomain (70ms)
	RebuildCommonClasses (48ms)
	RebuildNativeTypeToScriptingClass (22ms)
	initialDomainReloadingComplete (94ms)
	LoadAllAssembliesAndSetupDomain (2973ms)
		LoadAssemblies (2999ms)
		RebuildTransferFunctionScriptingTraits (0ms)
		AnalyzeDomain (140ms)
			TypeCache.Refresh (23ms)
				TypeCache.ScanAssembly (1ms)
			ScanForSourceGeneratedMonoScriptInfo (76ms)
			ResolveRequiredComponents (40ms)
	FinalizeReload (29220ms)
		ReleaseScriptCaches (0ms)
		RebuildScriptCaches (0ms)
		SetupLoadedEditorAssemblies (1259ms)
			LogAssemblyErrors (0ms)
			InitializePlatformSupportModulesInManaged (43ms)
			SetLoadedEditorAssemblies (12ms)
			RefreshPlugins (0ms)
			BeforeProcessingInitializeOnLoad (190ms)
			ProcessInitializeOnLoadAttributes (688ms)
			ProcessInitializeOnLoadMethodAttributes (310ms)
			AfterProcessingInitializeOnLoad (15ms)
			EditorAssembliesLoaded (1ms)
		ExecutionOrderSort2 (0ms)
		AwakeInstancesAfterBackupRestoration (25ms)
Refreshing native plugins compatible for Editor in 32.02 ms, found 12 plugins.
Preloading 1 native plugins for Editor in 0.09 ms.
Unloading 6395 Unused Serialized files (Serialized files now loaded: 0)
Unloading 91 unused Assets / (1.8 MB). Loaded Objects now: 7115.
Memory consumption went from 233.9 MB to 232.2 MB.
Total: 9.283300 ms (FindLiveObjects: 1.336400 ms CreateObjectMapping: 1.088300 ms MarkObjects: 5.800800 ms  DeleteObjects: 1.056700 ms)

Prepare: number of updated asset objects reloaded= 0
AssetImportParameters requested are different than current active one (requested -> active):
  custom:scripting/monoscript/fileName/AdjustAlpacaPosition.cs: eb155e2073a20a584cabdc329c2a0830 -> 
  custom:container-demuxer-ogg: 62fdf1f143b41e24485cea50d1cbac27 -> 
  custom:scripting/monoscript/fileName/TimeTracker.cs: 0ba5a893dc6e77f168071e40066f4ccc -> 
  custom:scripting/monoscript/fileName/ocultar.cs: 9a4e96c81c4b95c414355adfaaa5f00e -> 
  custom:framework-win-MediaFoundation: 216162199b28c13a410421893ffa2e32 -> 
  custom:scripting/monoscript/fileName/aparecer.cs: a8c32f549f7795aaf5322c29f677646c -> 
  custom:scripting/monoscript/fileName/mejoraBucle.cs: b867a84cdf583ea3d82f55acd53a07c7 -> 
  custom:scripting/monoscript/fileName/Readme.cs: 5aedf578fb2663036982fb7b05aaf325 -> 
  custom:scripting/monoscript/fileName/Girar.cs: 14fa621a78468ab0cd672c3d7b1f0578 -> 
  custom:scripting/monoscript/fileName/iniciarCanvasTextHolder.cs: a81248317f2df51baad4455eec52f6ee -> 
  custom:container-muxer-webm: aa71ff27fc2769a1b78a27578f13a17b -> 
  custom:scripting/monoscript/fileName/MissionController.cs: 4f272c91f5248fab2a29550ecbcdc733 -> 
  custom:video-decoder-webm-vp8: 9c59270c3fd7afecdb556c50c9e8de78 -> 
  custom:scripting/monoscript/fileName/terminaVideo.cs: cf5fdf4708a0807ce4698ec6c3197c7a -> 
  custom:scripting/monoscript/fileName/reproducir.cs: 03618e9f5a4c114e7ae324a4b4785feb -> 
  custom:SearchIndexIgnoredProperties: e643bd26f0fe6173181afceb89e7c659 -> 
  custom:AudioImporter_EditorPlatform: d09bf68614088b80899f8185d706f6e7 -> 
  custom:scripting/monoscript/fileName/Teletransportacion.cs: d380aa53d1fc5b5c84235f84cfdda4eb -> 
  custom:scripting/monoscript/fileName/textovisibe.cs: 00a654b3fc8f83640057b9daa224c2b1 -> 
  custom:scripting/monoscript/fileName/accionIniciar.cs: f98156acb6c9b62b4aff1540a104a198 -> 
  custom:audio-decoder-ogg-vorbis: bf7c407c2cedff20999df2af8eb42d56 -> 
  custom:scripting/monoscript/fileName/FoxAI.cs: 7b9961595238f5d9a29eddec3ed5196d -> 
  custom:audio-encoder-webm-vorbis: bf7c407c2cedff20999df2af8eb42d56 -> 
  custom:scripting/precompiled-assembly-types:Assembly-CSharp-Editor: aca7125a3389c5f4127a11b74e5e93cb -> 
  custom:scripting/monoscript/fileName/ocultaDespuesCine.cs: b3c2672726559b1db95bc79468cf37f9 -> 
  custom:scripting/precompiled-assembly-types:Assembly-CSharp: 30bf9e2a88be655378ee3c6d2370bb92 -> 
  custom:scripting/monoscript/fileName/oculteSolo.cs: e0bbe33030b97968219bca3d3df2f7ad -> 
  custom:video-decoder-ogg-theora: a1e56fd34408186e4bbccfd4996cb3dc -> 
  custom:scripting/monoscript/fileName/skip2.cs: e068148e12a6c306c45fa096d9a1d6e5 -> 
  custom:scripting/monoscript/fileName/circulo.cs: 0ecb5e9c24fbeacfd61e0b6ce9e13251 -> 
  custom:CustomObjectIndexerAttribute: 72b91833f83ae208fae7752999fa3104 -> 
  custom:container-demuxer-webm: 4f35f7cbe854078d1ac9338744f61a02 -> 
  custom:scripting/monoscript/fileName/NotificationManagerS.cs: 9097995725d1689407f6ea544462d9f5 -> 
  custom:scripting/monoscript/fileName/RandomWalker.cs: 3798383b962b15f13d62bf91bcaeecf4 -> 
  custom:scripting/monoscript/fileName/distanciaManos.cs: abd788d646965204a94039d23cf1e6c2 -> 
  custom:scripting/monoscript/fileName/ReadmeEditor.cs: ff7ced1e41c1b99ddf5dfefc88f6bd50 -> 
  custom:scripting/monoscript/fileName/AnimateHandOninput.cs: dbbe7fbd4a0bad56d22f3257792a4f6a -> 
  custom:scripting/monoscript/fileName/FollowPlayer.cs: a11289592493b8b391718a1bede4c507 -> 
  custom:scripting/monoscript/fileName/dianoche.cs: 8ee8414e3940203e97f02e24d6d29a01 -> 
  custom:scripting/monoscript/fileName/agacharse.cs: 7cb9748d783f9f6a3813e7e4586d664e -> 
  custom:video-encoder-webm-vp8: eb34c28f22e8b96e1ab97ce403110664 -> 
  custom:scripting/monoscript/fileName/AlpacaSound.cs: 7fcbebc020a2dd100c5682639b10657c -> 
  custom:scripting/monoscript/fileName/PopUpManager.cs: 5b033561cee09c69ca88ecdffea365c0 -> 
  custom:scripting/monoscript/fileName/FlowerCollect.cs: 503676af3d30bb9a3c54bad7953b17b5 -> 
  custom:scripting/monoscript/fileName/desaparecerObjeto.cs: 0a0eac0ab0d617e8002e78bcdfcd826e -> 
========================================================================
Received Prepare
Caller must complete domain reload
Begin MonoManager ReloadAssembly
- Loaded All Assemblies, in  0.858 seconds
Native extension for WindowsStandalone target not found
Native extension for Android target not found
[Package Manager] Server::EnsureServerProcessIsRunning -- launch failed, reason: Unity was launched with the -noUpm command-line argument
[Package Manager] UpmClient::Send -- Unable to send message (not connected to UPM process).
[Package Manager] Cannot connect to Unity Package Manager local server
[Package Manager] Server::EnsureServerProcessIsRunning -- launch failed, reason: Unity was launched with the -noUpm command-line argument
[Package Manager] UpmClient::Send -- Unable to send message (not connected to UPM process).
[Package Manager] Cannot connect to Unity Package Manager local server
System.Reflection.TargetInvocationException: Exception has been thrown by the target of an invocation. ---> System.NullReferenceException: Object reference not set to an instance of an object
  at Unity.XR.Oculus.OculusLoader.AssetPathToAbsolutePath (System.String assetPath) [0x0003d] in .\Library\PackageCache\com.unity.xr.oculus@4.2.0\Runtime\OculusLoader.cs:298 
  at Unity.XR.Oculus.OculusLoader.EditorLoadOVRPlugin () [0x0008c] in .\Library\PackageCache\com.unity.xr.oculus@4.2.0\Runtime\OculusLoader.cs:283 
  at (wrapper managed-to-native) System.Reflection.RuntimeMethodInfo.InternalInvoke(System.Reflection.RuntimeMethodInfo,object,object[],System.Exception&)
  at System.Reflection.RuntimeMethodInfo.Invoke (System.Object obj, System.Reflection.BindingFlags invokeAttr, System.Reflection.Binder binder, System.Object[] parameters, System.Globalization.CultureInfo culture) [0x0006a] in <8ce0bd04a7a04b4b9395538239d3fdd8>:0 
   --- End of inner exception stack trace ---
  at System.Reflection.RuntimeMethodInfo.Invoke (System.Object obj, System.Reflection.BindingFlags invokeAttr, System.Reflection.Binder binder, System.Object[] parameters, System.Globalization.CultureInfo culture) [0x00083] in <8ce0bd04a7a04b4b9395538239d3fdd8>:0 
  at System.Reflection.MethodBase.Invoke (System.Object obj, System.Object[] parameters) [0x00000] in <8ce0bd04a7a04b4b9395538239d3fdd8>:0 
  at UnityEditor.EditorAssemblies.ProcessInitializeOnLoadMethodAttributes () [0x000a5] in <e0a2c8363ef54a6393fed120beebdb7a>:0 
UnityEngine.StackTraceUtility:ExtractStackTrace ()
UnityEngine.DebugLogHandler:LogFormat (UnityEngine.LogType,UnityEngine.Object,string,object[])
UnityEngine.Logger:Log (UnityEngine.LogType,object)
UnityEngine.Debug:LogError (object)
UnityEditor.EditorAssemblies:ProcessInitializeOnLoadMethodAttributes ()

Mono: successfully reloaded assembly
[Package Manager] Server::EnsureServerProcessIsRunning -- launch failed, reason: Unity was launched with the -noUpm command-line argument
[Package Manager] UpmClient::Send -- Unable to send message (not connected to UPM process).
[Package Manager] Cannot connect to Unity Package Manager local server
- Finished resetting the current domain, in  2.404 seconds
Domain Reload Profiling: 3253ms
	BeginReloadAssembly (253ms)
		ExecutionOrderSort (0ms)
		DisableScriptedObjects (6ms)
		BackupInstance (0ms)
		ReleaseScriptingObjects (0ms)
		CreateAndSetChildDomain (62ms)
	RebuildCommonClasses (49ms)
	RebuildNativeTypeToScriptingClass (17ms)
	initialDomainReloadingComplete (46ms)
	LoadAllAssembliesAndSetupDomain (484ms)
		LoadAssemblies (589ms)
		RebuildTransferFunctionScriptingTraits (0ms)
		AnalyzeDomain (32ms)
			TypeCache.Refresh (8ms)
				TypeCache.ScanAssembly (0ms)
			ScanForSourceGeneratedMonoScriptInfo (0ms)
			ResolveRequiredComponents (23ms)
	FinalizeReload (2405ms)
		ReleaseScriptCaches (0ms)
		RebuildScriptCaches (0ms)
		SetupLoadedEditorAssemblies (1054ms)
			LogAssemblyErrors (0ms)
			InitializePlatformSupportModulesInManaged (30ms)
			SetLoadedEditorAssemblies (7ms)
			RefreshPlugins (0ms)
			BeforeProcessingInitializeOnLoad (169ms)
			ProcessInitializeOnLoadAttributes (643ms)
			ProcessInitializeOnLoadMethodAttributes (184ms)
			AfterProcessingInitializeOnLoad (20ms)
			EditorAssembliesLoaded (1ms)
		ExecutionOrderSort2 (0ms)
		AwakeInstancesAfterBackupRestoration (32ms)
Refreshing native plugins compatible for Editor in 25.08 ms, found 12 plugins.
Preloading 1 native plugins for Editor in 0.09 ms.
Unloading 6395 Unused Serialized files (Serialized files now loaded: 0)
Unloading 91 unused Assets / (1.8 MB). Loaded Objects now: 7132.
Memory consumption went from 234.0 MB to 232.2 MB.
Total: 5.273600 ms (FindLiveObjects: 0.654800 ms CreateObjectMapping: 0.685000 ms MarkObjects: 3.415900 ms  DeleteObjects: 0.516700 ms)

Prepare: number of updated asset objects reloaded= 0
AssetImportParameters requested are different than current active one (requested -> active):
  custom:scripting/monoscript/fileName/AdjustAlpacaPosition.cs: eb155e2073a20a584cabdc329c2a0830 -> 
  custom:container-demuxer-ogg: 62fdf1f143b41e24485cea50d1cbac27 -> 
  custom:scripting/monoscript/fileName/TimeTracker.cs: 0ba5a893dc6e77f168071e40066f4ccc -> 
  custom:scripting/monoscript/fileName/ocultar.cs: 9a4e96c81c4b95c414355adfaaa5f00e -> 
  custom:framework-win-MediaFoundation: 216162199b28c13a410421893ffa2e32 -> 
  custom:scripting/monoscript/fileName/aparecer.cs: a8c32f549f7795aaf5322c29f677646c -> 
  custom:scripting/monoscript/fileName/mejoraBucle.cs: b867a84cdf583ea3d82f55acd53a07c7 -> 
  custom:scripting/monoscript/fileName/Readme.cs: 5aedf578fb2663036982fb7b05aaf325 -> 
  custom:scripting/monoscript/fileName/Girar.cs: 14fa621a78468ab0cd672c3d7b1f0578 -> 
  custom:scripting/monoscript/fileName/iniciarCanvasTextHolder.cs: a81248317f2df51baad4455eec52f6ee -> 
  custom:container-muxer-webm: aa71ff27fc2769a1b78a27578f13a17b -> 
  custom:scripting/monoscript/fileName/MissionController.cs: 4f272c91f5248fab2a29550ecbcdc733 -> 
  custom:video-decoder-webm-vp8: 9c59270c3fd7afecdb556c50c9e8de78 -> 
  custom:scripting/monoscript/fileName/terminaVideo.cs: cf5fdf4708a0807ce4698ec6c3197c7a -> 
  custom:scripting/monoscript/fileName/reproducir.cs: 03618e9f5a4c114e7ae324a4b4785feb -> 
  custom:SearchIndexIgnoredProperties: e643bd26f0fe6173181afceb89e7c659 -> 
  custom:AudioImporter_EditorPlatform: d09bf68614088b80899f8185d706f6e7 -> 
  custom:scripting/monoscript/fileName/Teletransportacion.cs: d380aa53d1fc5b5c84235f84cfdda4eb -> 
  custom:scripting/monoscript/fileName/textovisibe.cs: 00a654b3fc8f83640057b9daa224c2b1 -> 
  custom:scripting/monoscript/fileName/accionIniciar.cs: f98156acb6c9b62b4aff1540a104a198 -> 
  custom:audio-decoder-ogg-vorbis: bf7c407c2cedff20999df2af8eb42d56 -> 
  custom:scripting/monoscript/fileName/FoxAI.cs: 7b9961595238f5d9a29eddec3ed5196d -> 
  custom:audio-encoder-webm-vorbis: bf7c407c2cedff20999df2af8eb42d56 -> 
  custom:scripting/precompiled-assembly-types:Assembly-CSharp-Editor: aca7125a3389c5f4127a11b74e5e93cb -> 
  custom:scripting/monoscript/fileName/ocultaDespuesCine.cs: b3c2672726559b1db95bc79468cf37f9 -> 
  custom:scripting/precompiled-assembly-types:Assembly-CSharp: 30bf9e2a88be655378ee3c6d2370bb92 -> 
  custom:scripting/monoscript/fileName/oculteSolo.cs: e0bbe33030b97968219bca3d3df2f7ad -> 
  custom:video-decoder-ogg-theora: a1e56fd34408186e4bbccfd4996cb3dc -> 
  custom:scripting/monoscript/fileName/skip2.cs: e068148e12a6c306c45fa096d9a1d6e5 -> 
  custom:scripting/monoscript/fileName/circulo.cs: 0ecb5e9c24fbeacfd61e0b6ce9e13251 -> 
  custom:CustomObjectIndexerAttribute: 72b91833f83ae208fae7752999fa3104 -> 
  custom:container-demuxer-webm: 4f35f7cbe854078d1ac9338744f61a02 -> 
  custom:scripting/monoscript/fileName/NotificationManagerS.cs: 9097995725d1689407f6ea544462d9f5 -> 
  custom:scripting/monoscript/fileName/RandomWalker.cs: 3798383b962b15f13d62bf91bcaeecf4 -> 
  custom:scripting/monoscript/fileName/distanciaManos.cs: abd788d646965204a94039d23cf1e6c2 -> 
  custom:scripting/monoscript/fileName/ReadmeEditor.cs: ff7ced1e41c1b99ddf5dfefc88f6bd50 -> 
  custom:scripting/monoscript/fileName/AnimateHandOninput.cs: dbbe7fbd4a0bad56d22f3257792a4f6a -> 
  custom:scripting/monoscript/fileName/FollowPlayer.cs: a11289592493b8b391718a1bede4c507 -> 
  custom:scripting/monoscript/fileName/dianoche.cs: 8ee8414e3940203e97f02e24d6d29a01 -> 
  custom:scripting/monoscript/fileName/agacharse.cs: 7cb9748d783f9f6a3813e7e4586d664e -> 
  custom:video-encoder-webm-vp8: eb34c28f22e8b96e1ab97ce403110664 -> 
  custom:scripting/monoscript/fileName/AlpacaSound.cs: 7fcbebc020a2dd100c5682639b10657c -> 
  custom:scripting/monoscript/fileName/PopUpManager.cs: 5b033561cee09c69ca88ecdffea365c0 -> 
  custom:scripting/monoscript/fileName/FlowerCollect.cs: 503676af3d30bb9a3c54bad7953b17b5 -> 
  custom:scripting/monoscript/fileName/desaparecerObjeto.cs: 0a0eac0ab0d617e8002e78bcdfcd826e -> 
========================================================================
Received Prepare
Refreshing native plugins compatible for Editor in 41.32 ms, found 12 plugins.
Preloading 1 native plugins for Editor in 0.36 ms.
Unloading 15 Unused Serialized files (Serialized files now loaded: 0)
Unloading 15 unused Assets / (1.7 MB). Loaded Objects now: 7132.
Memory consumption went from 134.4 MB to 132.7 MB.
Total: 11.541900 ms (FindLiveObjects: 0.796300 ms CreateObjectMapping: 4.942500 ms MarkObjects: 5.293700 ms  DeleteObjects: 0.508000 ms)

Prepare: number of updated asset objects reloaded= 0
AssetImportParameters requested are different than current active one (requested -> active):
  custom:scripting/monoscript/fileName/AdjustAlpacaPosition.cs: eb155e2073a20a584cabdc329c2a0830 -> 
  custom:container-demuxer-ogg: 62fdf1f143b41e24485cea50d1cbac27 -> 
  custom:scripting/monoscript/fileName/TimeTracker.cs: 0ba5a893dc6e77f168071e40066f4ccc -> 
  custom:scripting/monoscript/fileName/ocultar.cs: 9a4e96c81c4b95c414355adfaaa5f00e -> 
  custom:framework-win-MediaFoundation: 216162199b28c13a410421893ffa2e32 -> 
  custom:scripting/monoscript/fileName/aparecer.cs: a8c32f549f7795aaf5322c29f677646c -> 
  custom:scripting/monoscript/fileName/mejoraBucle.cs: b867a84cdf583ea3d82f55acd53a07c7 -> 
  custom:scripting/monoscript/fileName/Readme.cs: 5aedf578fb2663036982fb7b05aaf325 -> 
  custom:scripting/monoscript/fileName/Girar.cs: 14fa621a78468ab0cd672c3d7b1f0578 -> 
  custom:scripting/monoscript/fileName/iniciarCanvasTextHolder.cs: a81248317f2df51baad4455eec52f6ee -> 
  custom:container-muxer-webm: aa71ff27fc2769a1b78a27578f13a17b -> 
  custom:scripting/monoscript/fileName/MissionController.cs: 4f272c91f5248fab2a29550ecbcdc733 -> 
  custom:video-decoder-webm-vp8: 9c59270c3fd7afecdb556c50c9e8de78 -> 
  custom:scripting/monoscript/fileName/terminaVideo.cs: cf5fdf4708a0807ce4698ec6c3197c7a -> 
  custom:scripting/monoscript/fileName/reproducir.cs: 03618e9f5a4c114e7ae324a4b4785feb -> 
  custom:SearchIndexIgnoredProperties: e643bd26f0fe6173181afceb89e7c659 -> 
  custom:AudioImporter_EditorPlatform: d09bf68614088b80899f8185d706f6e7 -> 
  custom:scripting/monoscript/fileName/Teletransportacion.cs: d380aa53d1fc5b5c84235f84cfdda4eb -> 
  custom:scripting/monoscript/fileName/textovisibe.cs: 00a654b3fc8f83640057b9daa224c2b1 -> 
  custom:scripting/monoscript/fileName/accionIniciar.cs: f98156acb6c9b62b4aff1540a104a198 -> 
  custom:audio-decoder-ogg-vorbis: bf7c407c2cedff20999df2af8eb42d56 -> 
  custom:scripting/monoscript/fileName/FoxAI.cs: 7b9961595238f5d9a29eddec3ed5196d -> 
  custom:audio-encoder-webm-vorbis: bf7c407c2cedff20999df2af8eb42d56 -> 
  custom:scripting/precompiled-assembly-types:Assembly-CSharp-Editor: aca7125a3389c5f4127a11b74e5e93cb -> 
  custom:scripting/monoscript/fileName/ocultaDespuesCine.cs: b3c2672726559b1db95bc79468cf37f9 -> 
  custom:scripting/precompiled-assembly-types:Assembly-CSharp: 30bf9e2a88be655378ee3c6d2370bb92 -> 
  custom:scripting/monoscript/fileName/oculteSolo.cs: e0bbe33030b97968219bca3d3df2f7ad -> 
  custom:video-decoder-ogg-theora: a1e56fd34408186e4bbccfd4996cb3dc -> 
  custom:scripting/monoscript/fileName/skip2.cs: e068148e12a6c306c45fa096d9a1d6e5 -> 
  custom:scripting/monoscript/fileName/circulo.cs: 0ecb5e9c24fbeacfd61e0b6ce9e13251 -> 
  custom:CustomObjectIndexerAttribute: 72b91833f83ae208fae7752999fa3104 -> 
  custom:container-demuxer-webm: 4f35f7cbe854078d1ac9338744f61a02 -> 
  custom:scripting/monoscript/fileName/NotificationManagerS.cs: 9097995725d1689407f6ea544462d9f5 -> 
  custom:scripting/monoscript/fileName/RandomWalker.cs: 3798383b962b15f13d62bf91bcaeecf4 -> 
  custom:scripting/monoscript/fileName/distanciaManos.cs: abd788d646965204a94039d23cf1e6c2 -> 
  custom:scripting/monoscript/fileName/ReadmeEditor.cs: ff7ced1e41c1b99ddf5dfefc88f6bd50 -> 
  custom:scripting/monoscript/fileName/AnimateHandOninput.cs: dbbe7fbd4a0bad56d22f3257792a4f6a -> 
  custom:scripting/monoscript/fileName/FollowPlayer.cs: a11289592493b8b391718a1bede4c507 -> 
  custom:scripting/monoscript/fileName/dianoche.cs: 8ee8414e3940203e97f02e24d6d29a01 -> 
  custom:scripting/monoscript/fileName/agacharse.cs: 7cb9748d783f9f6a3813e7e4586d664e -> 
  custom:video-encoder-webm-vp8: eb34c28f22e8b96e1ab97ce403110664 -> 
  custom:scripting/monoscript/fileName/AlpacaSound.cs: 7fcbebc020a2dd100c5682639b10657c -> 
  custom:scripting/monoscript/fileName/PopUpManager.cs: 5b033561cee09c69ca88ecdffea365c0 -> 
  custom:scripting/monoscript/fileName/FlowerCollect.cs: 503676af3d30bb9a3c54bad7953b17b5 -> 
  custom:scripting/monoscript/fileName/desaparecerObjeto.cs: 0a0eac0ab0d617e8002e78bcdfcd826e -> 
========================================================================
Received Prepare
Caller must complete domain reload
Begin MonoManager ReloadAssembly
- Loaded All Assemblies, in  1.051 seconds
Native extension for WindowsStandalone target not found
Native extension for Android target not found
[Package Manager] Server::EnsureServerProcessIsRunning -- launch failed, reason: Unity was launched with the -noUpm command-line argument
[Package Manager] UpmClient::Send -- Unable to send message (not connected to UPM process).
[Package Manager] Cannot connect to Unity Package Manager local server
[Package Manager] Server::EnsureServerProcessIsRunning -- launch failed, reason: Unity was launched with the -noUpm command-line argument
[Package Manager] UpmClient::Send -- Unable to send message (not connected to UPM process).
[Package Manager] Cannot connect to Unity Package Manager local server
System.Reflection.TargetInvocationException: Exception has been thrown by the target of an invocation. ---> System.NullReferenceException: Object reference not set to an instance of an object
  at Unity.XR.Oculus.OculusLoader.AssetPathToAbsolutePath (System.String assetPath) [0x0003d] in .\Library\PackageCache\com.unity.xr.oculus@4.2.0\Runtime\OculusLoader.cs:298 
  at Unity.XR.Oculus.OculusLoader.EditorLoadOVRPlugin () [0x0008c] in .\Library\PackageCache\com.unity.xr.oculus@4.2.0\Runtime\OculusLoader.cs:283 
  at (wrapper managed-to-native) System.Reflection.RuntimeMethodInfo.InternalInvoke(System.Reflection.RuntimeMethodInfo,object,object[],System.Exception&)
  at System.Reflection.RuntimeMethodInfo.Invoke (System.Object obj, System.Reflection.BindingFlags invokeAttr, System.Reflection.Binder binder, System.Object[] parameters, System.Globalization.CultureInfo culture) [0x0006a] in <8ce0bd04a7a04b4b9395538239d3fdd8>:0 
   --- End of inner exception stack trace ---
  at System.Reflection.RuntimeMethodInfo.Invoke (System.Object obj, System.Reflection.BindingFlags invokeAttr, System.Reflection.Binder binder, System.Object[] parameters, System.Globalization.CultureInfo culture) [0x00083] in <8ce0bd04a7a04b4b9395538239d3fdd8>:0 
  at System.Reflection.MethodBase.Invoke (System.Object obj, System.Object[] parameters) [0x00000] in <8ce0bd04a7a04b4b9395538239d3fdd8>:0 
  at UnityEditor.EditorAssemblies.ProcessInitializeOnLoadMethodAttributes () [0x000a5] in <e0a2c8363ef54a6393fed120beebdb7a>:0 
UnityEngine.StackTraceUtility:ExtractStackTrace ()
UnityEngine.DebugLogHandler:LogFormat (UnityEngine.LogType,UnityEngine.Object,string,object[])
UnityEngine.Logger:Log (UnityEngine.LogType,object)
UnityEngine.Debug:LogError (object)
UnityEditor.EditorAssemblies:ProcessInitializeOnLoadMethodAttributes ()

Mono: successfully reloaded assembly
[Package Manager] Server::EnsureServerProcessIsRunning -- launch failed, reason: Unity was launched with the -noUpm command-line argument
[Package Manager] UpmClient::Send -- Unable to send message (not connected to UPM process).
[Package Manager] Cannot connect to Unity Package Manager local server
- Finished resetting the current domain, in 22.866 seconds
Domain Reload Profiling: 23908ms
	BeginReloadAssembly (254ms)
		ExecutionOrderSort (0ms)
		DisableScriptedObjects (6ms)
		BackupInstance (0ms)
		ReleaseScriptingObjects (0ms)
		CreateAndSetChildDomain (57ms)
	RebuildCommonClasses (62ms)
	RebuildNativeTypeToScriptingClass (19ms)
	initialDomainReloadingComplete (55ms)
	LoadAllAssembliesAndSetupDomain (651ms)
		LoadAssemblies (709ms)
		RebuildTransferFunctionScriptingTraits (0ms)
		AnalyzeDomain (82ms)
			TypeCache.Refresh (14ms)
				TypeCache.ScanAssembly (1ms)
			ScanForSourceGeneratedMonoScriptInfo (45ms)
			ResolveRequiredComponents (22ms)
	FinalizeReload (22867ms)
		ReleaseScriptCaches (0ms)
		RebuildScriptCaches (0ms)
		SetupLoadedEditorAssemblies (1110ms)
			LogAssemblyErrors (0ms)
			InitializePlatformSupportModulesInManaged (40ms)
			SetLoadedEditorAssemblies (7ms)
			RefreshPlugins (0ms)
			BeforeProcessingInitializeOnLoad (155ms)
			ProcessInitializeOnLoadAttributes (674ms)
			ProcessInitializeOnLoadMethodAttributes (216ms)
			AfterProcessingInitializeOnLoad (17ms)
			EditorAssembliesLoaded (1ms)
		ExecutionOrderSort2 (0ms)
		AwakeInstancesAfterBackupRestoration (33ms)
Refreshing native plugins compatible for Editor in 30.95 ms, found 12 plugins.
Preloading 1 native plugins for Editor in 0.10 ms.
Unloading 6395 Unused Serialized files (Serialized files now loaded: 0)
Unloading 91 unused Assets / (1.8 MB). Loaded Objects now: 7149.
Memory consumption went from 234.0 MB to 232.2 MB.
Total: 7.655100 ms (FindLiveObjects: 0.837600 ms CreateObjectMapping: 0.997600 ms MarkObjects: 5.156200 ms  DeleteObjects: 0.662400 ms)

Prepare: number of updated asset objects reloaded= 0
AssetImportParameters requested are different than current active one (requested -> active):
  custom:scripting/monoscript/fileName/AdjustAlpacaPosition.cs: eb155e2073a20a584cabdc329c2a0830 -> 
  custom:container-demuxer-ogg: 62fdf1f143b41e24485cea50d1cbac27 -> 
  custom:scripting/monoscript/fileName/TimeTracker.cs: 0ba5a893dc6e77f168071e40066f4ccc -> 
  custom:scripting/monoscript/fileName/ocultar.cs: 9a4e96c81c4b95c414355adfaaa5f00e -> 
  custom:framework-win-MediaFoundation: 216162199b28c13a410421893ffa2e32 -> 
  custom:scripting/monoscript/fileName/aparecer.cs: a8c32f549f7795aaf5322c29f677646c -> 
  custom:scripting/monoscript/fileName/mejoraBucle.cs: b867a84cdf583ea3d82f55acd53a07c7 -> 
  custom:scripting/monoscript/fileName/Readme.cs: 5aedf578fb2663036982fb7b05aaf325 -> 
  custom:scripting/monoscript/fileName/Girar.cs: 14fa621a78468ab0cd672c3d7b1f0578 -> 
  custom:scripting/monoscript/fileName/iniciarCanvasTextHolder.cs: a81248317f2df51baad4455eec52f6ee -> 
  custom:container-muxer-webm: aa71ff27fc2769a1b78a27578f13a17b -> 
  custom:scripting/monoscript/fileName/MissionController.cs: 4f272c91f5248fab2a29550ecbcdc733 -> 
  custom:video-decoder-webm-vp8: 9c59270c3fd7afecdb556c50c9e8de78 -> 
  custom:scripting/monoscript/fileName/terminaVideo.cs: cf5fdf4708a0807ce4698ec6c3197c7a -> 
  custom:scripting/monoscript/fileName/reproducir.cs: 03618e9f5a4c114e7ae324a4b4785feb -> 
  custom:SearchIndexIgnoredProperties: e643bd26f0fe6173181afceb89e7c659 -> 
  custom:AudioImporter_EditorPlatform: d09bf68614088b80899f8185d706f6e7 -> 
  custom:scripting/monoscript/fileName/Teletransportacion.cs: d380aa53d1fc5b5c84235f84cfdda4eb -> 
  custom:scripting/monoscript/fileName/textovisibe.cs: 00a654b3fc8f83640057b9daa224c2b1 -> 
  custom:scripting/monoscript/fileName/accionIniciar.cs: f98156acb6c9b62b4aff1540a104a198 -> 
  custom:audio-decoder-ogg-vorbis: bf7c407c2cedff20999df2af8eb42d56 -> 
  custom:scripting/monoscript/fileName/FoxAI.cs: 7b9961595238f5d9a29eddec3ed5196d -> 
  custom:audio-encoder-webm-vorbis: bf7c407c2cedff20999df2af8eb42d56 -> 
  custom:scripting/precompiled-assembly-types:Assembly-CSharp-Editor: aca7125a3389c5f4127a11b74e5e93cb -> 
  custom:scripting/monoscript/fileName/ocultaDespuesCine.cs: b3c2672726559b1db95bc79468cf37f9 -> 
  custom:scripting/precompiled-assembly-types:Assembly-CSharp: 30bf9e2a88be655378ee3c6d2370bb92 -> 
  custom:scripting/monoscript/fileName/oculteSolo.cs: e0bbe33030b97968219bca3d3df2f7ad -> 
  custom:video-decoder-ogg-theora: a1e56fd34408186e4bbccfd4996cb3dc -> 
  custom:scripting/monoscript/fileName/skip2.cs: e068148e12a6c306c45fa096d9a1d6e5 -> 
  custom:scripting/monoscript/fileName/circulo.cs: 0ecb5e9c24fbeacfd61e0b6ce9e13251 -> 
  custom:CustomObjectIndexerAttribute: 72b91833f83ae208fae7752999fa3104 -> 
  custom:container-demuxer-webm: 4f35f7cbe854078d1ac9338744f61a02 -> 
  custom:scripting/monoscript/fileName/NotificationManagerS.cs: 9097995725d1689407f6ea544462d9f5 -> 
  custom:scripting/monoscript/fileName/RandomWalker.cs: 3798383b962b15f13d62bf91bcaeecf4 -> 
  custom:scripting/monoscript/fileName/distanciaManos.cs: abd788d646965204a94039d23cf1e6c2 -> 
  custom:scripting/monoscript/fileName/ReadmeEditor.cs: ff7ced1e41c1b99ddf5dfefc88f6bd50 -> 
  custom:scripting/monoscript/fileName/AnimateHandOninput.cs: dbbe7fbd4a0bad56d22f3257792a4f6a -> 
  custom:scripting/monoscript/fileName/FollowPlayer.cs: a11289592493b8b391718a1bede4c507 -> 
  custom:scripting/monoscript/fileName/dianoche.cs: 8ee8414e3940203e97f02e24d6d29a01 -> 
  custom:scripting/monoscript/fileName/agacharse.cs: 7cb9748d783f9f6a3813e7e4586d664e -> 
  custom:video-encoder-webm-vp8: eb34c28f22e8b96e1ab97ce403110664 -> 
  custom:scripting/monoscript/fileName/AlpacaSound.cs: 7fcbebc020a2dd100c5682639b10657c -> 
  custom:scripting/monoscript/fileName/PopUpManager.cs: 5b033561cee09c69ca88ecdffea365c0 -> 
  custom:scripting/monoscript/fileName/FlowerCollect.cs: 503676af3d30bb9a3c54bad7953b17b5 -> 
  custom:scripting/monoscript/fileName/desaparecerObjeto.cs: 0a0eac0ab0d617e8002e78bcdfcd826e -> 
========================================================================
Received Prepare
Refreshing native plugins compatible for Editor in 70.78 ms, found 12 plugins.
Preloading 1 native plugins for Editor in 0.19 ms.
Unloading 15 Unused Serialized files (Serialized files now loaded: 0)
Unloading 15 unused Assets / (1.7 MB). Loaded Objects now: 7149.
Memory consumption went from 134.4 MB to 132.7 MB.
Total: 11.528100 ms (FindLiveObjects: 1.140100 ms CreateObjectMapping: 1.373600 ms MarkObjects: 7.936000 ms  DeleteObjects: 1.076000 ms)

Prepare: number of updated asset objects reloaded= 0
AssetImportParameters requested are different than current active one (requested -> active):
  custom:scripting/monoscript/fileName/AdjustAlpacaPosition.cs: eb155e2073a20a584cabdc329c2a0830 -> 
  custom:container-demuxer-ogg: 62fdf1f143b41e24485cea50d1cbac27 -> 
  custom:scripting/monoscript/fileName/TimeTracker.cs: 0ba5a893dc6e77f168071e40066f4ccc -> 
  custom:scripting/monoscript/fileName/ocultar.cs: 9a4e96c81c4b95c414355adfaaa5f00e -> 
  custom:framework-win-MediaFoundation: 216162199b28c13a410421893ffa2e32 -> 
  custom:scripting/monoscript/fileName/aparecer.cs: a8c32f549f7795aaf5322c29f677646c -> 
  custom:scripting/monoscript/fileName/mejoraBucle.cs: b867a84cdf583ea3d82f55acd53a07c7 -> 
  custom:scripting/monoscript/fileName/Readme.cs: 5aedf578fb2663036982fb7b05aaf325 -> 
  custom:scripting/monoscript/fileName/Girar.cs: 14fa621a78468ab0cd672c3d7b1f0578 -> 
  custom:scripting/monoscript/fileName/iniciarCanvasTextHolder.cs: a81248317f2df51baad4455eec52f6ee -> 
  custom:container-muxer-webm: aa71ff27fc2769a1b78a27578f13a17b -> 
  custom:scripting/monoscript/fileName/MissionController.cs: 4f272c91f5248fab2a29550ecbcdc733 -> 
  custom:video-decoder-webm-vp8: 9c59270c3fd7afecdb556c50c9e8de78 -> 
  custom:scripting/monoscript/fileName/terminaVideo.cs: cf5fdf4708a0807ce4698ec6c3197c7a -> 
  custom:scripting/monoscript/fileName/reproducir.cs: 03618e9f5a4c114e7ae324a4b4785feb -> 
  custom:SearchIndexIgnoredProperties: e643bd26f0fe6173181afceb89e7c659 -> 
  custom:AudioImporter_EditorPlatform: d09bf68614088b80899f8185d706f6e7 -> 
  custom:scripting/monoscript/fileName/Teletransportacion.cs: d380aa53d1fc5b5c84235f84cfdda4eb -> 
  custom:scripting/monoscript/fileName/textovisibe.cs: 00a654b3fc8f83640057b9daa224c2b1 -> 
  custom:scripting/monoscript/fileName/accionIniciar.cs: f98156acb6c9b62b4aff1540a104a198 -> 
  custom:audio-decoder-ogg-vorbis: bf7c407c2cedff20999df2af8eb42d56 -> 
  custom:scripting/monoscript/fileName/FoxAI.cs: 7b9961595238f5d9a29eddec3ed5196d -> 
  custom:audio-encoder-webm-vorbis: bf7c407c2cedff20999df2af8eb42d56 -> 
  custom:scripting/precompiled-assembly-types:Assembly-CSharp-Editor: aca7125a3389c5f4127a11b74e5e93cb -> 
  custom:scripting/monoscript/fileName/ocultaDespuesCine.cs: b3c2672726559b1db95bc79468cf37f9 -> 
  custom:scripting/precompiled-assembly-types:Assembly-CSharp: 30bf9e2a88be655378ee3c6d2370bb92 -> 
  custom:scripting/monoscript/fileName/oculteSolo.cs: e0bbe33030b97968219bca3d3df2f7ad -> 
  custom:video-decoder-ogg-theora: a1e56fd34408186e4bbccfd4996cb3dc -> 
  custom:scripting/monoscript/fileName/skip2.cs: e068148e12a6c306c45fa096d9a1d6e5 -> 
  custom:scripting/monoscript/fileName/circulo.cs: 0ecb5e9c24fbeacfd61e0b6ce9e13251 -> 
  custom:CustomObjectIndexerAttribute: 72b91833f83ae208fae7752999fa3104 -> 
  custom:container-demuxer-webm: 4f35f7cbe854078d1ac9338744f61a02 -> 
  custom:scripting/monoscript/fileName/NotificationManagerS.cs: 9097995725d1689407f6ea544462d9f5 -> 
  custom:scripting/monoscript/fileName/RandomWalker.cs: 3798383b962b15f13d62bf91bcaeecf4 -> 
  custom:scripting/monoscript/fileName/distanciaManos.cs: abd788d646965204a94039d23cf1e6c2 -> 
  custom:scripting/monoscript/fileName/ReadmeEditor.cs: ff7ced1e41c1b99ddf5dfefc88f6bd50 -> 
  custom:scripting/monoscript/fileName/AnimateHandOninput.cs: dbbe7fbd4a0bad56d22f3257792a4f6a -> 
  custom:scripting/monoscript/fileName/FollowPlayer.cs: a11289592493b8b391718a1bede4c507 -> 
  custom:scripting/monoscript/fileName/dianoche.cs: 8ee8414e3940203e97f02e24d6d29a01 -> 
  custom:scripting/monoscript/fileName/agacharse.cs: 7cb9748d783f9f6a3813e7e4586d664e -> 
  custom:video-encoder-webm-vp8: eb34c28f22e8b96e1ab97ce403110664 -> 
  custom:scripting/monoscript/fileName/AlpacaSound.cs: 7fcbebc020a2dd100c5682639b10657c -> 
  custom:scripting/monoscript/fileName/PopUpManager.cs: 5b033561cee09c69ca88ecdffea365c0 -> 
  custom:scripting/monoscript/fileName/FlowerCollect.cs: 503676af3d30bb9a3c54bad7953b17b5 -> 
  custom:scripting/monoscript/fileName/desaparecerObjeto.cs: 0a0eac0ab0d617e8002e78bcdfcd826e -> 
